{"level":"info","message":"An Info Logging => akan masuk ke file application.log","timestamp":"2024-01-28 00:20:10:2010"}
{"level":"error","message":"An error Logging => akan masuk ke file application_error.log","timestamp":"2024-01-28 00:20:10:2010"}

{"URL":"youtube.com","isAuthenticated":false,"level":"info","message":"An Info Logging => akan masuk ke file application.log","method":"GET","timestamp":"2024-01-28 00:24:30:2430"}
{"URL":"youtube.com","isAuthenticated":false,"level":"error","message":"An error Logging => akan masuk ke file application_error.log","method":"GET","timestamp":"2024-01-28 00:24:30:2430"}
{
  method: 'GET',
  isAuthenticated: false,
  URL: 'youtube.com',
  level: 'info',
  message: 'An Info Logging => akan masuk ke file application.log',
  timestamp: '2024-01-28 00:27:39:2739'
}
{
  method: 'GET',
  isAuthenticated: false,
  URL: 'youtube.com',
  level: 'error',
  message: 'An error Logging => akan masuk ke file application_error.log',
  timestamp: '2024-01-28 00:27:39:2739'
}
